<?xml version="1.0" encoding="UTF-8"?>
<testng-results skipped="0" failed="0" total="1" passed="1">
  <reporter-output>
  </reporter-output>
  <suite name="Default suite" duration-ms="17846" started-at="2017-10-25T12:58:54Z" finished-at="2017-10-25T12:59:12Z">
    <groups>
    </groups>
    <test name="Default test" duration-ms="17846" started-at="2017-10-25T12:58:54Z" finished-at="2017-10-25T12:59:12Z">
      <class name="com.generic.Report">
        <test-method status="PASS" signature="beforeSuite()[pri:0, instance:com.generic.Report@651fd0]" name="beforeSuite" is-config="true" duration-ms="130" started-at="2017-10-25T18:28:54Z" finished-at="2017-10-25T18:28:54Z">
          <reporter-output>
          </reporter-output>
        </test-method> <!-- beforeSuite -->
        <test-method status="PASS" signature="upload()[pri:0, instance:com.generic.Report@651fd0]" name="upload" duration-ms="17676" started-at="2017-10-25T18:28:54Z" finished-at="2017-10-25T18:29:12Z">
          <reporter-output>
          </reporter-output>
        </test-method> <!-- upload -->
        <test-method status="PASS" signature="aftersuite()[pri:0, instance:com.generic.Report@651fd0]" name="aftersuite" is-config="true" duration-ms="24" started-at="2017-10-25T18:29:12Z" finished-at="2017-10-25T18:29:12Z">
          <reporter-output>
          </reporter-output>
        </test-method> <!-- aftersuite -->
      </class> <!-- com.generic.Report -->
    </test> <!-- Default test -->
  </suite> <!-- Default suite -->
</testng-results>
